{"C:\\Users\\Will\\Documents\\typescriptsource\\youtubesearch\\src\\config\\db.ts": {"path":"C:\\Users\\Will\\Documents\\typescriptsource\\youtubesearch\\src\\config\\db.ts","statementMap":{"0":{"start":{"line":1,"column":0},"end":{"line":1,"column":32}},"1":{"start":{"line":2,"column":0},"end":{"line":2,"column":20}},"2":{"start":{"line":3,"column":0},"end":{"line":3,"column":24}},"3":{"start":{"line":9,"column":0},"end":{"line":11,"column":71}},"4":{"start":{"line":13,"column":26},"end":{"line":15,"column":2}},"5":{"start":{"line":17,"column":13},"end":{"line":22,"column":2}},"6":{"start":{"line":24,"column":14},"end":{"line":24,"column":51}},"7":{"start":{"line":25,"column":0},"end":{"line":31,"column":5}},"8":{"start":{"line":26,"column":2},"end":{"line":30,"column":null}},"9":{"start":{"line":27,"column":4},"end":{"line":27,"column":54}},"10":{"start":{"line":29,"column":4},"end":{"line":29,"column":15}},"11":{"start":{"line":33,"column":13},"end":{"line":42,"column":2}},"12":{"start":{"line":44,"column":20},"end":{"line":44,"column":34}},"13":{"start":{"line":46,"column":0},"end":{"line":46,"column":27}}},"fnMap":{"0":{"name":"(anonymous_7)","decl":{"start":{"line":25,"column":1},"end":{"line":25,"column":6}},"loc":{"start":{"line":25,"column":12},"end":{"line":31,"column":1}}}},"branchMap":{"0":{"loc":{"start":{"line":9,"column":0},"end":{"line":11,"column":70}},"type":"cond-expr","locations":[{"start":{"line":10,"column":5},"end":{"line":10,"column":79}},{"start":{"line":11,"column":5},"end":{"line":11,"column":69}}]}},"s":{"0":3,"1":3,"2":3,"3":3,"4":3,"5":3,"6":3,"7":3,"8":3,"9":3,"10":3,"11":3,"12":3,"13":3},"f":{"0":3},"b":{"0":[3,0]}}
,"C:\\Users\\Will\\Documents\\typescriptsource\\youtubesearch\\src\\database-access\\db-queries.ts": {"path":"C:\\Users\\Will\\Documents\\typescriptsource\\youtubesearch\\src\\database-access\\db-queries.ts","statementMap":{"0":{"start":{"line":1,"column":0},"end":{"line":1,"column":30}},"1":{"start":{"line":2,"column":0},"end":{"line":2,"column":61}},"2":{"start":{"line":8,"column":2},"end":{"line":18,"column":null}},"3":{"start":{"line":9,"column":18},"end":{"line":12,"column":null}},"4":{"start":{"line":14,"column":25},"end":{"line":14,"column":30}},"5":{"start":{"line":15,"column":4},"end":{"line":15,"column":28}},"6":{"start":{"line":17,"column":4},"end":{"line":17,"column":14}},"7":{"start":{"line":5,"column":0},"end":{"line":5,"column":7}},"8":{"start":{"line":26,"column":2},"end":{"line":34,"column":null}},"9":{"start":{"line":27,"column":4},"end":{"line":31,"column":6}},"10":{"start":{"line":33,"column":4},"end":{"line":33,"column":14}},"11":{"start":{"line":21,"column":0},"end":{"line":21,"column":7}},"12":{"start":{"line":42,"column":2},"end":{"line":53,"column":null}},"13":{"start":{"line":43,"column":20},"end":{"line":47,"column":6}},"14":{"start":{"line":49,"column":24},"end":{"line":49,"column":72}},"15":{"start":{"line":50,"column":4},"end":{"line":50,"column":44}},"16":{"start":{"line":52,"column":4},"end":{"line":52,"column":14}},"17":{"start":{"line":37,"column":0},"end":{"line":37,"column":7}},"18":{"start":{"line":57,"column":16},"end":{"line":57,"column":59}},"19":{"start":{"line":58,"column":24},"end":{"line":58,"column":32}},"20":{"start":{"line":59,"column":2},"end":{"line":59,"column":15}},"21":{"start":{"line":56,"column":0},"end":{"line":56,"column":7}},"22":{"start":{"line":66,"column":2},"end":{"line":74,"column":null}},"23":{"start":{"line":67,"column":20},"end":{"line":70,"column":6}},"24":{"start":{"line":71,"column":4},"end":{"line":71,"column":47}},"25":{"start":{"line":73,"column":4},"end":{"line":73,"column":14}},"26":{"start":{"line":62,"column":0},"end":{"line":62,"column":7}},"27":{"start":{"line":81,"column":29},"end":{"line":84,"column":4}},"28":{"start":{"line":85,"column":2},"end":{"line":86,"column":19}},"29":{"start":{"line":85,"column":38},"end":{"line":85,"column":51}},"30":{"start":{"line":86,"column":7},"end":{"line":86,"column":19}},"31":{"start":{"line":77,"column":0},"end":{"line":77,"column":7}},"32":{"start":{"line":94,"column":16},"end":{"line":98,"column":4}},"33":{"start":{"line":99,"column":35},"end":{"line":99,"column":56}},"34":{"start":{"line":100,"column":2},"end":{"line":100,"column":17}},"35":{"start":{"line":89,"column":0},"end":{"line":89,"column":7}},"36":{"start":{"line":106,"column":16},"end":{"line":109,"column":4}},"37":{"start":{"line":110,"column":36},"end":{"line":110,"column":57}},"38":{"start":{"line":111,"column":2},"end":{"line":111,"column":17}},"39":{"start":{"line":102,"column":0},"end":{"line":102,"column":7}},"40":{"start":{"line":117,"column":16},"end":{"line":120,"column":4}},"41":{"start":{"line":121,"column":34},"end":{"line":121,"column":55}},"42":{"start":{"line":122,"column":2},"end":{"line":122,"column":17}},"43":{"start":{"line":113,"column":0},"end":{"line":113,"column":7}},"44":{"start":{"line":130,"column":18},"end":{"line":134,"column":4}},"45":{"start":{"line":135,"column":48},"end":{"line":135,"column":69}},"46":{"start":{"line":136,"column":2},"end":{"line":136,"column":34}},"47":{"start":{"line":125,"column":0},"end":{"line":125,"column":7}},"48":{"start":{"line":144,"column":18},"end":{"line":148,"column":4}},"49":{"start":{"line":149,"column":26},"end":{"line":149,"column":31}},"50":{"start":{"line":150,"column":2},"end":{"line":150,"column":56}},"51":{"start":{"line":150,"column":38},"end":{"line":150,"column":54}},"52":{"start":{"line":139,"column":0},"end":{"line":139,"column":7}}},"fnMap":{"0":{"name":"insertIntoChannelsReturnID","decl":{"start":{"line":5,"column":22},"end":{"line":5,"column":48}},"loc":{"start":{"line":6,"column":21},"end":{"line":19,"column":1}}},"1":{"name":"insertIntoVideos","decl":{"start":{"line":21,"column":22},"end":{"line":21,"column":38}},"loc":{"start":{"line":24,"column":12},"end":{"line":35,"column":1}}},"2":{"name":"checkUniqueness","decl":{"start":{"line":37,"column":22},"end":{"line":37,"column":37}},"loc":{"start":{"line":40,"column":15},"end":{"line":54,"column":1}}},"3":{"name":"getAllFromTable","decl":{"start":{"line":56,"column":22},"end":{"line":56,"column":37}},"loc":{"start":{"line":56,"column":51},"end":{"line":60,"column":1}}},"4":{"name":"getItemByIDFromTable","decl":{"start":{"line":62,"column":22},"end":{"line":62,"column":42}},"loc":{"start":{"line":64,"column":12},"end":{"line":75,"column":1}}},"5":{"name":"deleteItemByIDFromTable","decl":{"start":{"line":77,"column":22},"end":{"line":77,"column":45}},"loc":{"start":{"line":79,"column":12},"end":{"line":87,"column":1}}},"6":{"name":"searchDBFromTable","decl":{"start":{"line":89,"column":22},"end":{"line":89,"column":39}},"loc":{"start":{"line":92,"column":15},"end":{"line":101,"column":1}}},"7":{"name":"searchChannelsFromDB","decl":{"start":{"line":102,"column":22},"end":{"line":102,"column":42}},"loc":{"start":{"line":104,"column":15},"end":{"line":112,"column":1}}},"8":{"name":"searchVideosFromDB","decl":{"start":{"line":113,"column":22},"end":{"line":113,"column":40}},"loc":{"start":{"line":115,"column":15},"end":{"line":123,"column":1}}},"9":{"name":"getParentItemByFK","decl":{"start":{"line":125,"column":22},"end":{"line":125,"column":39}},"loc":{"start":{"line":128,"column":12},"end":{"line":137,"column":1}}},"10":{"name":"getChildItemsWithFK","decl":{"start":{"line":139,"column":22},"end":{"line":139,"column":41}},"loc":{"start":{"line":142,"column":12},"end":{"line":151,"column":1}}},"11":{"name":"(anonymous_12)","decl":{"start":{"line":150,"column":24},"end":{"line":150,"column":25}},"loc":{"start":{"line":150,"column":38},"end":{"line":150,"column":54}}}},"branchMap":{"0":{"loc":{"start":{"line":50,"column":11},"end":{"line":50,"column":43}},"type":"cond-expr","locations":[{"start":{"line":50,"column":32},"end":{"line":50,"column":33}},{"start":{"line":50,"column":36},"end":{"line":50,"column":43}}]},"1":{"loc":{"start":{"line":71,"column":11},"end":{"line":71,"column":46}},"type":"cond-expr","locations":[{"start":{"line":71,"column":34},"end":{"line":71,"column":42}},{"start":{"line":71,"column":45},"end":{"line":71,"column":46}}]},"2":{"loc":{"start":{"line":85,"column":2},"end":{"line":86,"column":19}},"type":"if","locations":[{"start":{"line":85,"column":2},"end":{"line":86,"column":19}},{"start":{"line":86,"column":7},"end":{"line":86,"column":19}}]}},"s":{"0":1,"1":1,"2":0,"3":0,"4":0,"5":0,"6":0,"7":1,"8":0,"9":0,"10":0,"11":1,"12":0,"13":0,"14":0,"15":0,"16":0,"17":1,"18":0,"19":0,"20":0,"21":1,"22":0,"23":0,"24":0,"25":0,"26":1,"27":0,"28":0,"29":0,"30":0,"31":1,"32":0,"33":0,"34":0,"35":1,"36":0,"37":0,"38":0,"39":1,"40":0,"41":0,"42":0,"43":1,"44":0,"45":0,"46":0,"47":1,"48":0,"49":0,"50":0,"51":0,"52":1},"f":{"0":0,"1":0,"2":0,"3":0,"4":0,"5":0,"6":0,"7":0,"8":0,"9":0,"10":0,"11":0},"b":{"0":[0,0],"1":[0,0],"2":[0,0]}}
,"C:\\Users\\Will\\Documents\\typescriptsource\\youtubesearch\\src\\routes\\channels.ts": {"path":"C:\\Users\\Will\\Documents\\typescriptsource\\youtubesearch\\src\\routes\\channels.ts","statementMap":{"0":{"start":{"line":1,"column":0},"end":{"line":1,"column":30}},"1":{"start":{"line":2,"column":15},"end":{"line":2,"column":31}},"2":{"start":{"line":4,"column":0},"end":{"line":4,"column":null}},"3":{"start":{"line":9,"column":0},"end":{"line":9,"column":60}},"4":{"start":{"line":10,"column":0},"end":{"line":10,"column":58}},"5":{"start":{"line":12,"column":0},"end":{"line":25,"column":3}},"6":{"start":{"line":13,"column":2},"end":{"line":24,"column":null}},"7":{"start":{"line":14,"column":18},"end":{"line":14,"column":27}},"8":{"start":{"line":15,"column":20},"end":{"line":15,"column":40}},"9":{"start":{"line":16,"column":25},"end":{"line":18,"column":41}},"10":{"start":{"line":19,"column":4},"end":{"line":19,"column":40}},"11":{"start":{"line":21,"column":4},"end":{"line":22,"column":59}},"12":{"start":{"line":22,"column":6},"end":{"line":22,"column":59}},"13":{"start":{"line":23,"column":4},"end":{"line":23,"column":14}},"14":{"start":{"line":27,"column":0},"end":{"line":38,"column":3}},"15":{"start":{"line":28,"column":2},"end":{"line":37,"column":null}},"16":{"start":{"line":29,"column":23},"end":{"line":29,"column":50}},"17":{"start":{"line":30,"column":4},"end":{"line":30,"column":54}},"18":{"start":{"line":30,"column":19},"end":{"line":30,"column":54}},"19":{"start":{"line":31,"column":17},"end":{"line":31,"column":59}},"20":{"start":{"line":32,"column":4},"end":{"line":34,"column":77}},"21":{"start":{"line":36,"column":4},"end":{"line":36,"column":14}},"22":{"start":{"line":40,"column":0},"end":{"line":51,"column":3}},"23":{"start":{"line":41,"column":2},"end":{"line":50,"column":null}},"24":{"start":{"line":42,"column":23},"end":{"line":42,"column":50}},"25":{"start":{"line":43,"column":4},"end":{"line":43,"column":54}},"26":{"start":{"line":43,"column":19},"end":{"line":43,"column":54}},"27":{"start":{"line":44,"column":24},"end":{"line":44,"column":69}},"28":{"start":{"line":45,"column":4},"end":{"line":47,"column":74}},"29":{"start":{"line":49,"column":4},"end":{"line":49,"column":14}},"30":{"start":{"line":52,"column":0},"end":{"line":52,"column":22}}},"fnMap":{"0":{"name":"(anonymous_1)","decl":{"start":{"line":12,"column":16},"end":{"line":12,"column":21}},"loc":{"start":{"line":12,"column":41},"end":{"line":25,"column":1}}},"1":{"name":"(anonymous_2)","decl":{"start":{"line":27,"column":19},"end":{"line":27,"column":24}},"loc":{"start":{"line":27,"column":44},"end":{"line":38,"column":1}}},"2":{"name":"(anonymous_3)","decl":{"start":{"line":40,"column":22},"end":{"line":40,"column":27}},"loc":{"start":{"line":40,"column":47},"end":{"line":51,"column":1}}}},"branchMap":{"0":{"loc":{"start":{"line":16,"column":25},"end":{"line":18,"column":41}},"type":"cond-expr","locations":[{"start":{"line":17,"column":8},"end":{"line":17,"column":35}},{"start":{"line":18,"column":8},"end":{"line":18,"column":41}}]},"1":{"loc":{"start":{"line":21,"column":4},"end":{"line":22,"column":59}},"type":"if","locations":[{"start":{"line":21,"column":4},"end":{"line":22,"column":59}}]},"2":{"loc":{"start":{"line":30,"column":4},"end":{"line":30,"column":54}},"type":"if","locations":[{"start":{"line":30,"column":4},"end":{"line":30,"column":54}}]},"3":{"loc":{"start":{"line":32,"column":11},"end":{"line":34,"column":76}},"type":"cond-expr","locations":[{"start":{"line":33,"column":8},"end":{"line":33,"column":34}},{"start":{"line":34,"column":8},"end":{"line":34,"column":76}}]},"4":{"loc":{"start":{"line":43,"column":4},"end":{"line":43,"column":54}},"type":"if","locations":[{"start":{"line":43,"column":4},"end":{"line":43,"column":54}}]},"5":{"loc":{"start":{"line":45,"column":11},"end":{"line":47,"column":73}},"type":"cond-expr","locations":[{"start":{"line":46,"column":8},"end":{"line":46,"column":59}},{"start":{"line":47,"column":8},"end":{"line":47,"column":73}}]}},"s":{"0":1,"1":1,"2":1,"3":1,"4":1,"5":1,"6":4,"7":4,"8":4,"9":4,"10":2,"11":2,"12":1,"13":1,"14":1,"15":3,"16":3,"17":3,"18":1,"19":2,"20":2,"21":1,"22":1,"23":3,"24":3,"25":3,"26":1,"27":2,"28":2,"29":1,"30":1},"f":{"0":4,"1":3,"2":3},"b":{"0":[3,1],"1":[1],"2":[1],"3":[1,1],"4":[1],"5":[1,1]}}
,"C:\\Users\\Will\\Documents\\typescriptsource\\youtubesearch\\src\\routes\\search.ts": {"path":"C:\\Users\\Will\\Documents\\typescriptsource\\youtubesearch\\src\\routes\\search.ts","statementMap":{"0":{"start":{"line":1,"column":0},"end":{"line":1,"column":30}},"1":{"start":{"line":2,"column":15},"end":{"line":2,"column":31}},"2":{"start":{"line":4,"column":0},"end":{"line":4,"column":55}},"3":{"start":{"line":6,"column":0},"end":{"line":18,"column":3}},"4":{"start":{"line":7,"column":2},"end":{"line":17,"column":null}},"5":{"start":{"line":8,"column":34},"end":{"line":8,"column":57}},"6":{"start":{"line":9,"column":4},"end":{"line":9,"column":40}},"7":{"start":{"line":10,"column":4},"end":{"line":10,"column":55}},"8":{"start":{"line":12,"column":4},"end":{"line":16,"column":null}},"9":{"start":{"line":13,"column":6},"end":{"line":13,"column":56}},"10":{"start":{"line":15,"column":6},"end":{"line":15,"column":16}},"11":{"start":{"line":20,"column":0},"end":{"line":20,"column":22}}},"fnMap":{"0":{"name":"(anonymous_1)","decl":{"start":{"line":6,"column":17},"end":{"line":6,"column":22}},"loc":{"start":{"line":6,"column":42},"end":{"line":18,"column":1}}}},"branchMap":{"0":{"loc":{"start":{"line":12,"column":4},"end":{"line":16,"column":null}},"type":"if","locations":[{"start":{"line":12,"column":4},"end":{"line":16,"column":null}},{"start":{"line":14,"column":11},"end":{"line":16,"column":null}}]}},"s":{"0":1,"1":1,"2":1,"3":1,"4":3,"5":3,"6":3,"7":1,"8":2,"9":1,"10":1,"11":1},"f":{"0":3},"b":{"0":[1,1]}}
,"C:\\Users\\Will\\Documents\\typescriptsource\\youtubesearch\\src\\routes\\videos.ts": {"path":"C:\\Users\\Will\\Documents\\typescriptsource\\youtubesearch\\src\\routes\\videos.ts","statementMap":{"0":{"start":{"line":1,"column":0},"end":{"line":1,"column":30}},"1":{"start":{"line":2,"column":15},"end":{"line":2,"column":31}},"2":{"start":{"line":4,"column":0},"end":{"line":4,"column":null}},"3":{"start":{"line":9,"column":0},"end":{"line":9,"column":58}},"4":{"start":{"line":10,"column":0},"end":{"line":10,"column":58}},"5":{"start":{"line":12,"column":0},"end":{"line":25,"column":3}},"6":{"start":{"line":13,"column":2},"end":{"line":24,"column":null}},"7":{"start":{"line":14,"column":18},"end":{"line":14,"column":27}},"8":{"start":{"line":15,"column":20},"end":{"line":15,"column":40}},"9":{"start":{"line":16,"column":25},"end":{"line":18,"column":39}},"10":{"start":{"line":19,"column":4},"end":{"line":19,"column":40}},"11":{"start":{"line":21,"column":4},"end":{"line":22,"column":59}},"12":{"start":{"line":22,"column":6},"end":{"line":22,"column":59}},"13":{"start":{"line":23,"column":4},"end":{"line":23,"column":14}},"14":{"start":{"line":27,"column":0},"end":{"line":38,"column":3}},"15":{"start":{"line":28,"column":2},"end":{"line":37,"column":null}},"16":{"start":{"line":29,"column":23},"end":{"line":29,"column":50}},"17":{"start":{"line":30,"column":4},"end":{"line":30,"column":54}},"18":{"start":{"line":30,"column":19},"end":{"line":30,"column":54}},"19":{"start":{"line":31,"column":17},"end":{"line":31,"column":57}},"20":{"start":{"line":32,"column":4},"end":{"line":34,"column":75}},"21":{"start":{"line":36,"column":4},"end":{"line":36,"column":14}},"22":{"start":{"line":40,"column":0},"end":{"line":51,"column":3}},"23":{"start":{"line":41,"column":2},"end":{"line":50,"column":null}},"24":{"start":{"line":42,"column":23},"end":{"line":42,"column":50}},"25":{"start":{"line":43,"column":4},"end":{"line":43,"column":54}},"26":{"start":{"line":43,"column":19},"end":{"line":43,"column":54}},"27":{"start":{"line":44,"column":24},"end":{"line":44,"column":67}},"28":{"start":{"line":45,"column":4},"end":{"line":47,"column":72}},"29":{"start":{"line":49,"column":4},"end":{"line":49,"column":14}},"30":{"start":{"line":52,"column":0},"end":{"line":52,"column":22}}},"fnMap":{"0":{"name":"(anonymous_1)","decl":{"start":{"line":12,"column":16},"end":{"line":12,"column":21}},"loc":{"start":{"line":12,"column":41},"end":{"line":25,"column":1}}},"1":{"name":"(anonymous_2)","decl":{"start":{"line":27,"column":19},"end":{"line":27,"column":24}},"loc":{"start":{"line":27,"column":44},"end":{"line":38,"column":1}}},"2":{"name":"(anonymous_3)","decl":{"start":{"line":40,"column":22},"end":{"line":40,"column":27}},"loc":{"start":{"line":40,"column":47},"end":{"line":51,"column":1}}}},"branchMap":{"0":{"loc":{"start":{"line":16,"column":25},"end":{"line":18,"column":39}},"type":"cond-expr","locations":[{"start":{"line":17,"column":8},"end":{"line":17,"column":33}},{"start":{"line":18,"column":8},"end":{"line":18,"column":39}}]},"1":{"loc":{"start":{"line":21,"column":4},"end":{"line":22,"column":59}},"type":"if","locations":[{"start":{"line":21,"column":4},"end":{"line":22,"column":59}}]},"2":{"loc":{"start":{"line":30,"column":4},"end":{"line":30,"column":54}},"type":"if","locations":[{"start":{"line":30,"column":4},"end":{"line":30,"column":54}}]},"3":{"loc":{"start":{"line":32,"column":11},"end":{"line":34,"column":74}},"type":"cond-expr","locations":[{"start":{"line":33,"column":8},"end":{"line":33,"column":34}},{"start":{"line":34,"column":8},"end":{"line":34,"column":74}}]},"4":{"loc":{"start":{"line":43,"column":4},"end":{"line":43,"column":54}},"type":"if","locations":[{"start":{"line":43,"column":4},"end":{"line":43,"column":54}}]},"5":{"loc":{"start":{"line":45,"column":11},"end":{"line":47,"column":71}},"type":"cond-expr","locations":[{"start":{"line":46,"column":8},"end":{"line":46,"column":59}},{"start":{"line":47,"column":8},"end":{"line":47,"column":71}}]}},"s":{"0":1,"1":1,"2":1,"3":1,"4":1,"5":1,"6":4,"7":4,"8":4,"9":4,"10":2,"11":2,"12":1,"13":1,"14":1,"15":3,"16":3,"17":3,"18":1,"19":2,"20":2,"21":1,"22":1,"23":3,"24":3,"25":3,"26":1,"27":2,"28":2,"29":1,"30":1},"f":{"0":4,"1":3,"2":3},"b":{"0":[3,1],"1":[1],"2":[1],"3":[1,1],"4":[1],"5":[1,1]}}
,"C:\\Users\\Will\\Documents\\typescriptsource\\youtubesearch\\src\\services\\store-yt-data.ts": {"path":"C:\\Users\\Will\\Documents\\typescriptsource\\youtubesearch\\src\\services\\store-yt-data.ts","statementMap":{"0":{"start":{"line":1,"column":0},"end":{"line":1,"column":null}},"1":{"start":{"line":7,"column":0},"end":{"line":7,"column":76}},"2":{"start":{"line":11,"column":2},"end":{"line":16,"column":null}},"3":{"start":{"line":12,"column":25},"end":{"line":12,"column":52}},"4":{"start":{"line":13,"column":4},"end":{"line":13,"column":45}},"5":{"start":{"line":15,"column":4},"end":{"line":15,"column":14}},"6":{"start":{"line":10,"column":0},"end":{"line":10,"column":7}},"7":{"start":{"line":21,"column":24},"end":{"line":21,"column":34}},"8":{"start":{"line":22,"column":25},"end":{"line":22,"column":39}},"9":{"start":{"line":24,"column":2},"end":{"line":42,"column":null}},"10":{"start":{"line":25,"column":25},"end":{"line":25,"column":64}},"11":{"start":{"line":26,"column":4},"end":{"line":38,"column":6}},"12":{"start":{"line":28,"column":40},"end":{"line":31,"column":null}},"13":{"start":{"line":33,"column":8},"end":{"line":35,"column":58}},"14":{"start":{"line":36,"column":8},"end":{"line":36,"column":50}},"15":{"start":{"line":39,"column":4},"end":{"line":39,"column":24}},"16":{"start":{"line":41,"column":4},"end":{"line":41,"column":14}},"17":{"start":{"line":49,"column":2},"end":{"line":62,"column":null}},"18":{"start":{"line":50,"column":4},"end":{"line":59,"column":6}},"19":{"start":{"line":52,"column":30},"end":{"line":53,"column":null}},"20":{"start":{"line":53,"column":20},"end":{"line":53,"column":52}},"21":{"start":{"line":55,"column":26},"end":{"line":55,"column":50}},"22":{"start":{"line":56,"column":8},"end":{"line":56,"column":66}},"23":{"start":{"line":56,"column":37},"end":{"line":56,"column":66}},"24":{"start":{"line":57,"column":8},"end":{"line":57,"column":55}},"25":{"start":{"line":61,"column":4},"end":{"line":61,"column":14}}},"fnMap":{"0":{"name":"storeData","decl":{"start":{"line":10,"column":22},"end":{"line":10,"column":31}},"loc":{"start":{"line":10,"column":48},"end":{"line":17,"column":1}}},"1":{"name":"insertChannel","decl":{"start":{"line":19,"column":15},"end":{"line":19,"column":28}},"loc":{"start":{"line":19,"column":45},"end":{"line":43,"column":1}}},"2":{"name":"(anonymous_2)","decl":{"start":{"line":27,"column":23},"end":{"line":27,"column":28}},"loc":{"start":{"line":27,"column":56},"end":{"line":37,"column":7}}},"3":{"name":"insertVideos","decl":{"start":{"line":45,"column":15},"end":{"line":45,"column":27}},"loc":{"start":{"line":47,"column":37},"end":{"line":63,"column":1}}},"4":{"name":"(anonymous_4)","decl":{"start":{"line":51,"column":17},"end":{"line":51,"column":22}},"loc":{"start":{"line":51,"column":56},"end":{"line":58,"column":7}}},"5":{"name":"(anonymous_5)","decl":{"start":{"line":53,"column":10},"end":{"line":53,"column":11}},"loc":{"start":{"line":53,"column":20},"end":{"line":53,"column":52}}}},"branchMap":{"0":{"loc":{"start":{"line":33,"column":20},"end":{"line":35,"column":57}},"type":"cond-expr","locations":[{"start":{"line":34,"column":12},"end":{"line":34,"column":27}},{"start":{"line":35,"column":12},"end":{"line":35,"column":57}}]},"1":{"loc":{"start":{"line":55,"column":26},"end":{"line":55,"column":50}},"type":"cond-expr","locations":[{"start":{"line":55,"column":39},"end":{"line":55,"column":41}},{"start":{"line":55,"column":26},"end":{"line":55,"column":50}}]},"2":{"loc":{"start":{"line":55,"column":26},"end":{"line":55,"column":41}},"type":"binary-expr","locations":[{"start":{"line":55,"column":26},"end":{"line":55,"column":41}},{"start":{"line":55,"column":26},"end":{"line":55,"column":41}}]},"3":{"loc":{"start":{"line":56,"column":8},"end":{"line":56,"column":66}},"type":"if","locations":[{"start":{"line":56,"column":8},"end":{"line":56,"column":66}}]}},"s":{"0":1,"1":1,"2":0,"3":0,"4":0,"5":0,"6":1,"7":0,"8":0,"9":0,"10":0,"11":0,"12":0,"13":0,"14":0,"15":0,"16":0,"17":0,"18":0,"19":0,"20":0,"21":0,"22":0,"23":0,"24":0,"25":0},"f":{"0":0,"1":0,"2":0,"3":0,"4":0,"5":0},"b":{"0":[0,0],"1":[0,0],"2":[0,0],"3":[0]}}
,"C:\\Users\\Will\\Documents\\typescriptsource\\youtubesearch\\src\\services\\yt-data-api.ts": {"path":"C:\\Users\\Will\\Documents\\typescriptsource\\youtubesearch\\src\\services\\yt-data-api.ts","statementMap":{"0":{"start":{"line":1,"column":0},"end":{"line":1,"column":36}},"1":{"start":{"line":2,"column":0},"end":{"line":2,"column":44}},"2":{"start":{"line":5,"column":15},"end":{"line":5,"column":35}},"3":{"start":{"line":6,"column":16},"end":{"line":9,"column":2}},"4":{"start":{"line":10,"column":24},"end":{"line":14,"column":2}},"5":{"start":{"line":17,"column":2},"end":{"line":22,"column":null}},"6":{"start":{"line":19,"column":6},"end":{"line":19,"column":64}},"7":{"start":{"line":20,"column":4},"end":{"line":20,"column":33}},"8":{"start":{"line":21,"column":4},"end":{"line":21,"column":37}},"9":{"start":{"line":16,"column":0},"end":{"line":16,"column":15}},"10":{"start":{"line":26,"column":2},"end":{"line":45,"column":null}},"11":{"start":{"line":27,"column":4},"end":{"line":27,"column":37}},"12":{"start":{"line":28,"column":19},"end":{"line":28,"column":58}},"13":{"start":{"line":29,"column":4},"end":{"line":29,"column":77}},"14":{"start":{"line":29,"column":45},"end":{"line":29,"column":77}},"15":{"start":{"line":31,"column":25},"end":{"line":31,"column":60}},"16":{"start":{"line":32,"column":27},"end":{"line":32,"column":64}},"17":{"start":{"line":34,"column":4},"end":{"line":35,"column":60}},"18":{"start":{"line":35,"column":6},"end":{"line":35,"column":60}},"19":{"start":{"line":38,"column":6},"end":{"line":38,"column":74}},"20":{"start":{"line":40,"column":4},"end":{"line":40,"column":57}},"21":{"start":{"line":42,"column":4},"end":{"line":42,"column":34}},"22":{"start":{"line":44,"column":4},"end":{"line":44,"column":14}},"23":{"start":{"line":53,"column":2},"end":{"line":77,"column":null}},"24":{"start":{"line":54,"column":24},"end":{"line":54,"column":26}},"25":{"start":{"line":55,"column":4},"end":{"line":61,"column":6}},"26":{"start":{"line":56,"column":6},"end":{"line":60,"column":8}},"27":{"start":{"line":62,"column":4},"end":{"line":62,"column":40}},"28":{"start":{"line":64,"column":4},"end":{"line":74,"column":null}},"29":{"start":{"line":65,"column":6},"end":{"line":65,"column":45}},"30":{"start":{"line":66,"column":6},"end":{"line":66,"column":40}},"31":{"start":{"line":67,"column":6},"end":{"line":67,"column":39}},"32":{"start":{"line":68,"column":6},"end":{"line":68,"column":57}},"33":{"start":{"line":70,"column":6},"end":{"line":70,"column":38}},"34":{"start":{"line":71,"column":6},"end":{"line":71,"column":66}},"35":{"start":{"line":73,"column":6},"end":{"line":73,"column":13}},"36":{"start":{"line":76,"column":4},"end":{"line":76,"column":14}}},"fnMap":{"0":{"name":"getSearchResults","decl":{"start":{"line":16,"column":30},"end":{"line":16,"column":46}},"loc":{"start":{"line":16,"column":68},"end":{"line":23,"column":1}}},"1":{"name":"queryYoutube","decl":{"start":{"line":25,"column":15},"end":{"line":25,"column":27}},"loc":{"start":{"line":25,"column":45},"end":{"line":46,"column":1}}},"2":{"name":"(anonymous_2)","decl":{"start":{"line":27,"column":27},"end":{"line":27,"column":30}},"loc":{"start":{"line":27,"column":32},"end":{"line":27,"column":35}}},"3":{"name":"appendPages","decl":{"start":{"line":48,"column":15},"end":{"line":48,"column":26}},"loc":{"start":{"line":51,"column":30},"end":{"line":78,"column":1}}},"4":{"name":"(anonymous_4)","decl":{"start":{"line":55,"column":28},"end":{"line":55,"column":29}},"loc":{"start":{"line":56,"column":6},"end":{"line":60,"column":8}}},"5":{"name":"(anonymous_5)","decl":{"start":{"line":67,"column":29},"end":{"line":67,"column":32}},"loc":{"start":{"line":67,"column":34},"end":{"line":67,"column":37}}}},"branchMap":{"0":{"loc":{"start":{"line":29,"column":4},"end":{"line":29,"column":77}},"type":"if","locations":[{"start":{"line":29,"column":4},"end":{"line":29,"column":77}}]},"1":{"loc":{"start":{"line":34,"column":4},"end":{"line":35,"column":60}},"type":"if","locations":[{"start":{"line":34,"column":4},"end":{"line":35,"column":60}}]},"2":{"loc":{"start":{"line":34,"column":8},"end":{"line":34,"column":64}},"type":"binary-expr","locations":[{"start":{"line":34,"column":8},"end":{"line":34,"column":33}},{"start":{"line":34,"column":37},"end":{"line":34,"column":64}}]},"3":{"loc":{"start":{"line":38,"column":6},"end":{"line":38,"column":74}},"type":"cond-expr","locations":[{"start":{"line":38,"column":29},"end":{"line":38,"column":30}},{"start":{"line":38,"column":33},"end":{"line":38,"column":74}}]},"4":{"loc":{"start":{"line":64,"column":4},"end":{"line":74,"column":null}},"type":"if","locations":[{"start":{"line":64,"column":4},"end":{"line":74,"column":null}},{"start":{"line":72,"column":11},"end":{"line":74,"column":null}}]}},"s":{"0":1,"1":1,"2":1,"3":1,"4":1,"5":0,"6":0,"7":0,"8":0,"9":1,"10":0,"11":0,"12":0,"13":0,"14":0,"15":0,"16":0,"17":0,"18":0,"19":0,"20":0,"21":0,"22":0,"23":0,"24":0,"25":0,"26":0,"27":0,"28":0,"29":0,"30":0,"31":0,"32":0,"33":0,"34":0,"35":0,"36":0},"f":{"0":0,"1":0,"2":0,"3":0,"4":0,"5":0},"b":{"0":[0],"1":[0],"2":[0,0],"3":[0,0],"4":[0,0]}}
,"C:\\Users\\Will\\Documents\\typescriptsource\\youtubesearch\\src\\tests\\test-helpers.ts": {"path":"C:\\Users\\Will\\Documents\\typescriptsource\\youtubesearch\\src\\tests\\test-helpers.ts","statementMap":{"0":{"start":{"line":1,"column":0},"end":{"line":1,"column":23}},"1":{"start":{"line":2,"column":0},"end":{"line":2,"column":30}},"2":{"start":{"line":3,"column":0},"end":{"line":3,"column":30}},"3":{"start":{"line":4,"column":0},"end":{"line":4,"column":61}},"4":{"start":{"line":7,"column":14},"end":{"line":7,"column":23}},"5":{"start":{"line":8,"column":2},"end":{"line":8,"column":26}},"6":{"start":{"line":9,"column":2},"end":{"line":9,"column":13}},"7":{"start":{"line":6,"column":0},"end":{"line":6,"column":16}},"8":{"start":{"line":13,"column":2},"end":{"line":13,"column":15}},"9":{"start":{"line":12,"column":0},"end":{"line":12,"column":16}},"10":{"start":{"line":17,"column":17},"end":{"line":33,"column":4}},"11":{"start":{"line":35,"column":2},"end":{"line":35,"column":18}},"12":{"start":{"line":16,"column":0},"end":{"line":16,"column":16}},"13":{"start":{"line":39,"column":2},"end":{"line":39,"column":40}},"14":{"start":{"line":40,"column":2},"end":{"line":40,"column":42}},"15":{"start":{"line":38,"column":0},"end":{"line":38,"column":7}},"16":{"start":{"line":44,"column":16},"end":{"line":44,"column":55}},"17":{"start":{"line":45,"column":16},"end":{"line":45,"column":37}},"18":{"start":{"line":46,"column":27},"end":{"line":46,"column":41}},"19":{"start":{"line":47,"column":2},"end":{"line":47,"column":21}},"20":{"start":{"line":43,"column":0},"end":{"line":43,"column":7}},"21":{"start":{"line":51,"column":16},"end":{"line":51,"column":57}},"22":{"start":{"line":52,"column":16},"end":{"line":52,"column":37}},"23":{"start":{"line":53,"column":22},"end":{"line":53,"column":36}},"24":{"start":{"line":54,"column":2},"end":{"line":54,"column":21}},"25":{"start":{"line":50,"column":0},"end":{"line":50,"column":7}},"26":{"start":{"line":58,"column":16},"end":{"line":58,"column":57}},"27":{"start":{"line":59,"column":2},"end":{"line":59,"column":18}},"28":{"start":{"line":57,"column":0},"end":{"line":57,"column":7}},"29":{"start":{"line":63,"column":16},"end":{"line":63,"column":55}},"30":{"start":{"line":64,"column":2},"end":{"line":64,"column":18}},"31":{"start":{"line":62,"column":0},"end":{"line":62,"column":7}},"32":{"start":{"line":68,"column":2},"end":{"line":68,"column":40}},"33":{"start":{"line":67,"column":0},"end":{"line":67,"column":7}},"34":{"start":{"line":72,"column":2},"end":{"line":72,"column":17}},"35":{"start":{"line":71,"column":0},"end":{"line":71,"column":7}}},"fnMap":{"0":{"name":"setUpMockApp","decl":{"start":{"line":6,"column":16},"end":{"line":6,"column":28}},"loc":{"start":{"line":6,"column":28},"end":{"line":10,"column":1}}},"1":{"name":"testFunc","decl":{"start":{"line":12,"column":16},"end":{"line":12,"column":24}},"loc":{"start":{"line":12,"column":24},"end":{"line":14,"column":1}}},"2":{"name":"createMockData","decl":{"start":{"line":16,"column":16},"end":{"line":16,"column":30}},"loc":{"start":{"line":16,"column":30},"end":{"line":36,"column":1}}},"3":{"name":"clearDB","decl":{"start":{"line":38,"column":22},"end":{"line":38,"column":29}},"loc":{"start":{"line":38,"column":29},"end":{"line":41,"column":1}}},"4":{"name":"getFirstVideo","decl":{"start":{"line":43,"column":22},"end":{"line":43,"column":35}},"loc":{"start":{"line":43,"column":35},"end":{"line":48,"column":1}}},"5":{"name":"getFirstChannel","decl":{"start":{"line":50,"column":22},"end":{"line":50,"column":37}},"loc":{"start":{"line":50,"column":37},"end":{"line":55,"column":1}}},"6":{"name":"getAllChannels","decl":{"start":{"line":57,"column":22},"end":{"line":57,"column":36}},"loc":{"start":{"line":57,"column":36},"end":{"line":60,"column":1}}},"7":{"name":"getAllVideos","decl":{"start":{"line":62,"column":22},"end":{"line":62,"column":34}},"loc":{"start":{"line":62,"column":34},"end":{"line":65,"column":1}}},"8":{"name":"useTestDB","decl":{"start":{"line":67,"column":22},"end":{"line":67,"column":31}},"loc":{"start":{"line":67,"column":31},"end":{"line":69,"column":1}}},"9":{"name":"endDB","decl":{"start":{"line":71,"column":22},"end":{"line":71,"column":27}},"loc":{"start":{"line":71,"column":27},"end":{"line":73,"column":1}}}},"branchMap":{},"s":{"0":3,"1":3,"2":3,"3":3,"4":3,"5":3,"6":3,"7":3,"8":0,"9":3,"10":0,"11":0,"12":3,"13":0,"14":0,"15":3,"16":0,"17":0,"18":0,"19":0,"20":3,"21":0,"22":0,"23":0,"24":0,"25":3,"26":0,"27":0,"28":3,"29":0,"30":0,"31":3,"32":3,"33":3,"34":3,"35":3},"f":{"0":3,"1":0,"2":0,"3":0,"4":0,"5":0,"6":0,"7":0,"8":3,"9":3},"b":{}}
,"C:\\Users\\Will\\Documents\\typescriptsource\\youtubesearch\\src\\utils\\function-helpers.ts": {"path":"C:\\Users\\Will\\Documents\\typescriptsource\\youtubesearch\\src\\utils\\function-helpers.ts","statementMap":{"0":{"start":{"line":5,"column":4},"end":{"line":9,"column":12}},"1":{"start":{"line":10,"column":2},"end":{"line":10,"column":17}},"2":{"start":{"line":3,"column":0},"end":{"line":3,"column":16}},"3":{"start":{"line":20,"column":20},"end":{"line":20,"column":72}},"4":{"start":{"line":20,"column":53},"end":{"line":20,"column":69}},"5":{"start":{"line":21,"column":23},"end":{"line":21,"column":25}},"6":{"start":{"line":22,"column":2},"end":{"line":24,"column":null}},"7":{"start":{"line":22,"column":15},"end":{"line":22,"column":16}},"8":{"start":{"line":23,"column":4},"end":{"line":23,"column":53}},"9":{"start":{"line":26,"column":2},"end":{"line":26,"column":22}},"10":{"start":{"line":17,"column":0},"end":{"line":17,"column":16}}},"fnMap":{"0":{"name":"checkForQuery","decl":{"start":{"line":3,"column":16},"end":{"line":3,"column":29}},"loc":{"start":{"line":3,"column":43},"end":{"line":11,"column":1}}},"1":{"name":"getOnlyChannelNamesNoDuplicates","decl":{"start":{"line":17,"column":16},"end":{"line":17,"column":47}},"loc":{"start":{"line":18,"column":18},"end":{"line":27,"column":1}}},"2":{"name":"(anonymous_2)","decl":{"start":{"line":20,"column":43},"end":{"line":20,"column":44}},"loc":{"start":{"line":20,"column":53},"end":{"line":20,"column":69}}}},"branchMap":{"0":{"loc":{"start":{"line":5,"column":4},"end":{"line":9,"column":12}},"type":"cond-expr","locations":[{"start":{"line":6,"column":8},"end":{"line":6,"column":13}},{"start":{"line":7,"column":8},"end":{"line":9,"column":12}}]},"1":{"loc":{"start":{"line":7,"column":8},"end":{"line":9,"column":12}},"type":"cond-expr","locations":[{"start":{"line":8,"column":8},"end":{"line":8,"column":13}},{"start":{"line":9,"column":8},"end":{"line":9,"column":12}}]}},"s":{"0":0,"1":0,"2":1,"3":0,"4":0,"5":0,"6":0,"7":0,"8":0,"9":0,"10":1},"f":{"0":0,"1":0,"2":0},"b":{"0":[0,0],"1":[0,0]}}
,"C:\\Users\\Will\\Documents\\typescriptsource\\youtubesearch\\src\\utils\\type-guard-helpers.ts": {"path":"C:\\Users\\Will\\Documents\\typescriptsource\\youtubesearch\\src\\utils\\type-guard-helpers.ts","statementMap":{"0":{"start":{"line":4,"column":2},"end":{"line":4,"column":44}},"1":{"start":{"line":4,"column":28},"end":{"line":4,"column":44}},"2":{"start":{"line":5,"column":2},"end":{"line":5,"column":37}},"3":{"start":{"line":3,"column":0},"end":{"line":3,"column":16}},"4":{"start":{"line":11,"column":2},"end":{"line":15,"column":null}},"5":{"start":{"line":12,"column":4},"end":{"line":14,"column":null}},"6":{"start":{"line":13,"column":6},"end":{"line":13,"column":44}},"7":{"start":{"line":16,"column":2},"end":{"line":16,"column":45}},"8":{"start":{"line":8,"column":0},"end":{"line":8,"column":16}},"9":{"start":{"line":20,"column":2},"end":{"line":20,"column":43}},"10":{"start":{"line":19,"column":0},"end":{"line":19,"column":16}}},"fnMap":{"0":{"name":"arrayTypeGuard","decl":{"start":{"line":3,"column":16},"end":{"line":3,"column":30}},"loc":{"start":{"line":3,"column":44},"end":{"line":6,"column":1}}},"1":{"name":"removeNullFromObjectPropsTG","decl":{"start":{"line":8,"column":16},"end":{"line":8,"column":43}},"loc":{"start":{"line":9,"column":22},"end":{"line":17,"column":1}}},"2":{"name":"isNotNullOrZero","decl":{"start":{"line":19,"column":16},"end":{"line":19,"column":31}},"loc":{"start":{"line":19,"column":60},"end":{"line":21,"column":1}}}},"branchMap":{"0":{"loc":{"start":{"line":4,"column":2},"end":{"line":4,"column":44}},"type":"if","locations":[{"start":{"line":4,"column":2},"end":{"line":4,"column":44}}]},"1":{"loc":{"start":{"line":12,"column":4},"end":{"line":14,"column":null}},"type":"if","locations":[{"start":{"line":12,"column":4},"end":{"line":14,"column":null}}]},"2":{"loc":{"start":{"line":20,"column":9},"end":{"line":20,"column":42}},"type":"binary-expr","locations":[{"start":{"line":20,"column":9},"end":{"line":20,"column":26}},{"start":{"line":20,"column":30},"end":{"line":20,"column":42}}]}},"s":{"0":0,"1":0,"2":0,"3":3,"4":0,"5":0,"6":0,"7":0,"8":3,"9":0,"10":3},"f":{"0":0,"1":0,"2":0},"b":{"0":[0],"1":[0],"2":[0,0]}}
}
