TN:
SF:src\config\db.ts
FN:25,(anonymous_7)
FNF:1
FNH:1
FNDA:3,(anonymous_7)
DA:1,3
DA:2,3
DA:3,3
DA:9,3
DA:13,3
DA:17,3
DA:24,3
DA:25,3
DA:26,3
DA:27,3
DA:29,3
DA:33,3
DA:44,3
DA:46,3
LF:14
LH:14
BRDA:9,0,0,3
BRDA:9,0,1,0
BRF:2
BRH:1
end_of_record
TN:
SF:src\database-access\db-queries.ts
FN:5,insertIntoChannelsReturnID
FN:21,insertIntoVideos
FN:37,checkUniqueness
FN:56,getAllFromTable
FN:62,getItemByIDFromTable
FN:77,deleteItemByIDFromTable
FN:89,searchDBFromTable
FN:102,searchChannelsFromDB
FN:113,searchVideosFromDB
FN:125,getParentItemByFK
FN:139,getChildItemsWithFK
FN:150,(anonymous_12)
FNF:12
FNH:0
FNDA:0,insertIntoChannelsReturnID
FNDA:0,insertIntoVideos
FNDA:0,checkUniqueness
FNDA:0,getAllFromTable
FNDA:0,getItemByIDFromTable
FNDA:0,deleteItemByIDFromTable
FNDA:0,searchDBFromTable
FNDA:0,searchChannelsFromDB
FNDA:0,searchVideosFromDB
FNDA:0,getParentItemByFK
FNDA:0,getChildItemsWithFK
FNDA:0,(anonymous_12)
DA:1,1
DA:2,1
DA:5,1
DA:8,0
DA:9,0
DA:14,0
DA:15,0
DA:17,0
DA:21,1
DA:26,0
DA:27,0
DA:33,0
DA:37,1
DA:42,0
DA:43,0
DA:49,0
DA:50,0
DA:52,0
DA:56,1
DA:57,0
DA:58,0
DA:59,0
DA:62,1
DA:66,0
DA:67,0
DA:71,0
DA:73,0
DA:77,1
DA:81,0
DA:85,0
DA:86,0
DA:89,1
DA:94,0
DA:99,0
DA:100,0
DA:102,1
DA:106,0
DA:110,0
DA:111,0
DA:113,1
DA:117,0
DA:121,0
DA:122,0
DA:125,1
DA:130,0
DA:135,0
DA:136,0
DA:139,1
DA:144,0
DA:149,0
DA:150,0
LF:51
LH:13
BRDA:50,0,0,0
BRDA:50,0,1,0
BRDA:71,1,0,0
BRDA:71,1,1,0
BRDA:85,2,0,0
BRDA:85,2,1,0
BRF:6
BRH:0
end_of_record
TN:
SF:src\routes\channels.ts
FN:12,(anonymous_1)
FN:27,(anonymous_2)
FN:40,(anonymous_3)
FNF:3
FNH:3
FNDA:4,(anonymous_1)
FNDA:3,(anonymous_2)
FNDA:3,(anonymous_3)
DA:1,1
DA:2,1
DA:4,1
DA:9,1
DA:10,1
DA:12,1
DA:13,4
DA:14,4
DA:15,4
DA:16,4
DA:19,2
DA:21,2
DA:22,1
DA:23,1
DA:27,1
DA:28,3
DA:29,3
DA:30,3
DA:31,2
DA:32,2
DA:36,1
DA:40,1
DA:41,3
DA:42,3
DA:43,3
DA:44,2
DA:45,2
DA:49,1
DA:52,1
LF:29
LH:29
BRDA:16,0,0,3
BRDA:16,0,1,1
BRDA:21,1,0,1
BRDA:30,2,0,1
BRDA:32,3,0,1
BRDA:32,3,1,1
BRDA:43,4,0,1
BRDA:45,5,0,1
BRDA:45,5,1,1
BRF:9
BRH:9
end_of_record
TN:
SF:src\routes\search.ts
FN:6,(anonymous_1)
FNF:1
FNH:1
FNDA:3,(anonymous_1)
DA:1,1
DA:2,1
DA:4,1
DA:6,1
DA:7,3
DA:8,3
DA:9,3
DA:10,1
DA:12,2
DA:13,1
DA:15,1
DA:20,1
LF:12
LH:12
BRDA:12,0,0,1
BRDA:12,0,1,1
BRF:2
BRH:2
end_of_record
TN:
SF:src\routes\videos.ts
FN:12,(anonymous_1)
FN:27,(anonymous_2)
FN:40,(anonymous_3)
FNF:3
FNH:3
FNDA:4,(anonymous_1)
FNDA:3,(anonymous_2)
FNDA:3,(anonymous_3)
DA:1,1
DA:2,1
DA:4,1
DA:9,1
DA:10,1
DA:12,1
DA:13,4
DA:14,4
DA:15,4
DA:16,4
DA:19,2
DA:21,2
DA:22,1
DA:23,1
DA:27,1
DA:28,3
DA:29,3
DA:30,3
DA:31,2
DA:32,2
DA:36,1
DA:40,1
DA:41,3
DA:42,3
DA:43,3
DA:44,2
DA:45,2
DA:49,1
DA:52,1
LF:29
LH:29
BRDA:16,0,0,3
BRDA:16,0,1,1
BRDA:21,1,0,1
BRDA:30,2,0,1
BRDA:32,3,0,1
BRDA:32,3,1,1
BRDA:43,4,0,1
BRDA:45,5,0,1
BRDA:45,5,1,1
BRF:9
BRH:9
end_of_record
TN:
SF:src\services\store-yt-data.ts
FN:10,storeData
FN:19,insertChannel
FN:27,(anonymous_2)
FN:45,insertVideos
FN:51,(anonymous_4)
FN:53,(anonymous_5)
FNF:6
FNH:0
FNDA:0,storeData
FNDA:0,insertChannel
FNDA:0,(anonymous_2)
FNDA:0,insertVideos
FNDA:0,(anonymous_4)
FNDA:0,(anonymous_5)
DA:1,1
DA:7,1
DA:10,1
DA:11,0
DA:12,0
DA:13,0
DA:15,0
DA:21,0
DA:22,0
DA:24,0
DA:25,0
DA:26,0
DA:28,0
DA:33,0
DA:36,0
DA:39,0
DA:41,0
DA:49,0
DA:50,0
DA:52,0
DA:53,0
DA:55,0
DA:56,0
DA:57,0
DA:61,0
LF:25
LH:3
BRDA:33,0,0,0
BRDA:33,0,1,0
BRDA:55,1,0,0
BRDA:55,1,1,0
BRDA:55,2,0,0
BRDA:55,2,1,0
BRDA:56,3,0,0
BRF:7
BRH:0
end_of_record
TN:
SF:src\services\yt-data-api.ts
FN:16,getSearchResults
FN:25,queryYoutube
FN:27,(anonymous_2)
FN:48,appendPages
FN:55,(anonymous_4)
FN:67,(anonymous_5)
FNF:6
FNH:0
FNDA:0,getSearchResults
FNDA:0,queryYoutube
FNDA:0,(anonymous_2)
FNDA:0,appendPages
FNDA:0,(anonymous_4)
FNDA:0,(anonymous_5)
DA:1,1
DA:2,1
DA:5,1
DA:6,1
DA:10,1
DA:16,1
DA:17,0
DA:19,0
DA:20,0
DA:21,0
DA:26,0
DA:27,0
DA:28,0
DA:29,0
DA:31,0
DA:32,0
DA:34,0
DA:35,0
DA:38,0
DA:40,0
DA:42,0
DA:44,0
DA:53,0
DA:54,0
DA:55,0
DA:56,0
DA:62,0
DA:64,0
DA:65,0
DA:66,0
DA:67,0
DA:68,0
DA:70,0
DA:71,0
DA:73,0
DA:76,0
LF:36
LH:6
BRDA:29,0,0,0
BRDA:34,1,0,0
BRDA:34,2,0,0
BRDA:34,2,1,0
BRDA:38,3,0,0
BRDA:38,3,1,0
BRDA:64,4,0,0
BRDA:64,4,1,0
BRF:8
BRH:0
end_of_record
TN:
SF:src\tests\test-helpers.ts
FN:6,setUpMockApp
FN:12,testFunc
FN:16,createMockData
FN:38,clearDB
FN:43,getFirstVideo
FN:50,getFirstChannel
FN:57,getAllChannels
FN:62,getAllVideos
FN:67,useTestDB
FN:71,endDB
FNF:10
FNH:3
FNDA:3,setUpMockApp
FNDA:0,testFunc
FNDA:0,createMockData
FNDA:0,clearDB
FNDA:0,getFirstVideo
FNDA:0,getFirstChannel
FNDA:0,getAllChannels
FNDA:0,getAllVideos
FNDA:3,useTestDB
FNDA:3,endDB
DA:1,3
DA:2,3
DA:3,3
DA:4,3
DA:6,3
DA:7,3
DA:8,3
DA:9,3
DA:12,3
DA:13,0
DA:16,3
DA:17,0
DA:35,0
DA:38,3
DA:39,0
DA:40,0
DA:43,3
DA:44,0
DA:45,0
DA:46,0
DA:47,0
DA:50,3
DA:51,0
DA:52,0
DA:53,0
DA:54,0
DA:57,3
DA:58,0
DA:59,0
DA:62,3
DA:63,0
DA:64,0
DA:67,3
DA:68,3
DA:71,3
DA:72,3
LF:36
LH:19
BRF:0
BRH:0
end_of_record
TN:
SF:src\utils\function-helpers.ts
FN:3,checkForQuery
FN:17,getOnlyChannelNamesNoDuplicates
FN:20,(anonymous_2)
FNF:3
FNH:0
FNDA:0,checkForQuery
FNDA:0,getOnlyChannelNamesNoDuplicates
FNDA:0,(anonymous_2)
DA:3,1
DA:5,0
DA:10,0
DA:17,1
DA:20,0
DA:21,0
DA:22,0
DA:23,0
DA:26,0
LF:9
LH:2
BRDA:5,0,0,0
BRDA:5,0,1,0
BRDA:7,1,0,0
BRDA:7,1,1,0
BRF:4
BRH:0
end_of_record
TN:
SF:src\utils\type-guard-helpers.ts
FN:3,arrayTypeGuard
FN:8,removeNullFromObjectPropsTG
FN:19,isNotNullOrZero
FNF:3
FNH:0
FNDA:0,arrayTypeGuard
FNDA:0,removeNullFromObjectPropsTG
FNDA:0,isNotNullOrZero
DA:3,3
DA:4,0
DA:5,0
DA:8,3
DA:11,0
DA:12,0
DA:13,0
DA:16,0
DA:19,3
DA:20,0
LF:10
LH:3
BRDA:4,0,0,0
BRDA:12,1,0,0
BRDA:20,2,0,0
BRDA:20,2,1,0
BRF:4
BRH:0
end_of_record
